<?xml version="1.0" encoding="UTF-8"?>
<!-- Generated by org.testng.reporters.JUnitReportReporter -->
<testsuite hostname="LAPTOP-4JKB2FN9" failures="0" tests="1" name="tests.EdgeTest" time="12.563" errors="0" timestamp="2025-09-02T21:21:13 IST" skipped="0">
  <testcase classname="tests.EdgeTest" name="edge" time="12.563"/>
</testsuite> <!-- tests.EdgeTest -->
